$$617: 
PLAY [localhost] ************************************************************** 
$$617: 
GATHERING FACTS *************************************************************** 
$$966: [0;32mok: [localhost][0m
$$966: 
TASK: [guard-runtime-location | guard-runtime-location | main | Ensure we're running in an expected location.] *** 
$$994: [0;36mskipping: [localhost][0m
$$994: 
TASK: [git-operations | check-repo-status | Check for uncommitted changes] **** 
$$1145: [0;33mchanged: [localhost][0m
$$1146: 
TASK: [git-operations | check-repo-status | Report uncommitted changes] ******* 
$$1151: [0;36mskipping: [localhost][0m
$$1152: 
TASK: [git-operations | _assemble-working-directory | Clear out target directory] *** $$1152: 
$$1400: [0;33mchanged: [localhost][0m
$$1400: 
TASK: [git-operations | _assemble-working-directory | Create target directory] *** 
$$1467: [0;33mchanged: [localhost][0m
$$1467: 
TASK: [git-operations | _assemble-working-directory | Assemble scratch content] *** 
$$2064: [0;33mchanged: [localhost][0m
$$2064: 
PLAY [localhost] ************************************************************** 
$$2065: 
TASK: [config-processor | upgrade-persistent-state | Check if pre-existing state] *** 
$$2127: [0;32mok: [localhost][0m
$$2127: 
TASK: [config-processor | upgrade-persistent-state | Check if pre-existing private state] *** $$2127: 
$$2187: [0;32mok: [localhost][0m
$$2188: 
TASK: [config-processor | upgrade-persistent-state | Get current state] ******* 
$$2231: [0;32mok: [localhost][0m
$$2231: 
TASK: [config-processor | upgrade-persistent-state | Apply defaults to current state] *** 
$$2252: [0;32mok: [localhost][0m
$$2252: 
TASK: [config-processor | upgrade-persistent-state | Upgrade private data state] *** $$2252: 
$$2357: [0;33mchanged: [localhost][0m
$$2358: 
TASK: [config-processor | run-config-processor | Run Configuration Processor over the given cloud configuration] *** 
$$6423: [0;33mchanged: [localhost][0m
$$6423: 
TASK: [debug var=config_processor_result.stdout_lines] ************************ 
$$6432: [0;32mok: [localhost] => {
    "var": {
        "config_processor_result.stdout_lines": [
            "@@@ Processing cloud model version 2.0", 
            "", 
            "################################################## Input Processing Started ##################################################", 
            "", 
            "Input Processing Succeeded in 0.437s", 
            "", 
            "################################################## Validate Process Started ##################################################", 
            "Validator encryption-key Started", 
            "Validator encryption-key Completed in 0.000s", 
            "Validator disk-model-2.0 Started", 
            "Validator disk-model-2.0 Completed in 0.022s", 
            "Validator interface-models-2.0 Started", 
            "Validator interface-models-2.0 Completed in 0.020s", 
            "Validator network-groups-2.0 Started", 
            "Validator network-groups-2.0 Completed in 0.020s", 
            "Validator networks-2.0 Started", 
            "Validator networks-2.0 Completed in 0.024s", 
            "Validator server-roles-2.0 Started", 
            "Validator server-roles-2.0 Completed in 0.008s", 
            "Validator server-groups-2.0 Started", 
            "Validator server-groups-2.0 Completed in 0.007s", 
            "Validator control-planes-2.0 Started", 
            "Validator control-planes-2.0 Completed in 0.014s", 
            "Validator nic-mappings-2.0 Started", 
            "Validator nic-mappings-2.0 Completed in 0.002s", 
            "Validator servers-2.0 Started", 
            "Validator servers-2.0 Completed in 0.011s", 
            "Validator pass-through-2.0 Started", 
            "Validator pass-through-2.0 Completed in 0.004s", 
            "Validator ring-specifications-2.0 Started", 
            "Validator ring-specifications-2.0 Completed in 0.032s", 
            "Validator firewall-rules-2.0 Started", 
            "Validator firewall-rules-2.0 Completed in 0.006s", 
            "Validator cross-reference-2.0 Started", 
            "Validator cross-reference-2.0 Completed in 0.002s", 
            "Validator deployer-network-lifecycle-mgr-2.0 Started", 
            "Validator deployer-network-lifecycle-mgr-2.0 Completed in 0.002s", 
            "", 
            "Validate Process Succeeded in 0.377s", 
            "", 
            "################################################## Model Creation Process Started ##################################################", 
            "about to load CloudDescription cloudConfig.yml", 
            "loading CloudDescription", 
            "", 
            "Model Creation Process Succeeded in 0.008s", 
            "", 
            "################################################## Controller Creation Process Started ##################################################", 
            "", 
            "Controller Creation Process Succeeded in 0.002s", 
            "", 
            "################################################## Migration Process Started ##################################################", 
            "Migrating the \"CloudModel\" model with the \"resource-nodes-to-resources-2.0\" migrator...", 
            "", 
            "Migration Process Succeeded in 0.008s", 
            "", 
            "################################################## Generate Process Started ##################################################", 
            "Generator encryption-key Started", 
            "Generator encryption-key Completed in 0.010s", 
            "Generator cloud-cplite-2.0 Started", 
            "Generator cloud-cplite-2.0 Completed in 0.218s", 
            "Generator ring-specifications-2.0 Started", 
            "Generator ring-specifications-2.0 Completed in 0.000s", 
            "Generator firewall-generator-2.0 Started", 
            "Generator firewall-generator-2.0 Completed in 0.000s", 
            "Generator consumes-generator-2.0 Started", 
            "Generator consumes-generator-2.0 Completed in 0.457s", 
            "Generator route-generator-2.0 Started", 
            "Generator route-generator-2.0 Completed in 0.009s", 
            "", 
            "Generate Process Succeeded in 0.919s", 
            "", 
            "################################################## Build Process Started ##################################################", 
            "Builder hosts-file-2.0 Started", 
            "Builder hosts-file-2.0 Generated the following artifacts:", 
            "\t(+) ./stage/net/hosts.hf", 
            "Builder hosts-file-2.0 Completed in 0.000s", 
            "Builder ansible-hosts-2.0 Started", 
            "Builder ansible-hosts-2.0 Generated the following artifacts:", 
            "\t(+) ./stage/ansible/hosts/localhost", 
            "\t(+) ./stage/ansible/hosts/verb_hosts", 
            "Builder ansible-hosts-2.0 Completed in 0.001s", 
            "Builder ansible-all-vars-2.0 Started", 
            "Builder ansible-all-vars-2.0 Generated the following artifacts:", 
            "\t(+) ./stage/ansible/group_vars/all", 
            "Builder ansible-all-vars-2.0 Completed in 0.059s", 
            "Builder ans-host-vars-2.0 Started", 
            "Builder ans-host-vars-2.0 Generated the following artifacts:", 
            "\t(+) ./stage/ansible/host_vars/standard-ccp-c0-m1-mgmt", 
            "\t(+) ./stage/ansible/host_vars/standard-ccp-c1-m1-mgmt", 
            "\t(+) ./stage/ansible/host_vars/standard-ccp-c1-m2-mgmt", 
            "\t(+) ./stage/ansible/host_vars/standard-ccp-c1-m3-mgmt", 
            "\t(+) ./stage/ansible/host_vars/standard-ccp-comp0001-mgmt", 
            "\t(+) ./stage/ansible/host_vars/standard-ccp-comp0002-mgmt", 
            "\t(+) ./stage/ansible/host_vars/standard-ccp-comp0003-mgmt", 
            "\t(+) ./stage/ansible/host_vars/standard-ccp-comp0004-mgmt", 
            "Builder ans-host-vars-2.0 Completed in 0.312s", 
            "Builder ans-group-vars-2.0 Started", 
            "Builder ans-group-vars-2.0 Generated the following artifacts:", 
            "\t(+) ./stage/ansible/group_vars/standard-ext-ccp-cluster0", 
            "\t(+) ./stage/ansible/group_vars/standard-ext-ccp-cluster1", 
            "\t(+) ./stage/ansible/group_vars/standard-ext-ccp", 
            "\t(+) ./stage/ansible/group_vars/standard-ext-ccp-compute", 
            "Builder ans-group-vars-2.0 Completed in 0.776s", 
            "Builder ans-encr-artifacts Started", 
            "Builder ans-encr-artifacts Generated no artifacts", 
            "Builder ans-encr-artifacts Completed in 0.000s", 
            "Builder net-info-2.0 Started", 
            "Builder net-info-2.0 Generated the following artifacts:", 
            "\t(+) ./stage/info/net_info.yml", 
            "Builder net-info-2.0 Completed in 0.000s", 
            "Builder route-info-2.0 Started", 
            "Builder route-info-2.0 Generated the following artifacts:", 
            "\t(+) ./stage/info/route_info.yml", 
            "Builder route-info-2.0 Completed in 0.000s", 
            "Builder server-info-2.0 Started", 
            "Builder server-info-2.0 Generated the following artifacts:", 
            "\t(+) ./stage/info/server_info.yml", 
            "Builder server-info-2.0 Completed in 0.009s", 
            "Builder firewall-info-2.0 Started", 
            "{'enable': True, 'logging': True}", 
            "Builder firewall-info-2.0 Generated the following artifacts:", 
            "\t(+) ./stage/info/firewall_info.yml", 
            "Builder firewall-info-2.0 Completed in 0.029s", 
            "Builder diagram-2.0 Started", 
            "Builder diagram-2.0 Generated the following artifacts:", 
            "\t(+) ./stage/info/CloudDiagram.txt", 
            "Builder diagram-2.0 Completed in 0.036s", 
            "", 
            "Build Process Succeeded in 1.482s", 
            "", 
            "################################################## Explanation Process Started ##################################################", 
            "Explainer file ./stage/CloudExplanation.txt Created", 
            "Explainer servers-2.0 Started", 
            "Explainer servers-2.0 Completed in 0.000s", 
            "", 
            "Explanation Process Succeeded in 0.024s", 
            "", 
            "################################################## Finalize Process Started ##################################################", 
            "Finalizer cloud-model-2.0 Started", 
            "Finalizer cloud-model-2.0 Generated the following artifacts:", 
            "\t(+) ./stage/internal/CloudModel.json", 
            "\t(+) ./stage/internal/ConfigFiles.json", 
            "Finalizer cloud-model-2.0 Completed in 0.175s", 
            "Finalizer service-view-2.0 Started", 
            "Finalizer service-view-2.0 Generated the following artifacts:", 
            "\t(+) ./stage/info/service_info.yml", 
            "Finalizer service-view-2.0 Completed in 0.015s", 
            "Finalizer address-allocation-2.0 Started", 
            "Finalizer address-allocation-2.0 Generated the following artifacts:", 
            "\t(+) ./stage/info/address_info.yml", 
            "Finalizer address-allocation-2.0 Completed in 0.004s", 
            "", 
            "Finalize Process Succeeded in 0.221s", 
            "", 
            "################################################################################", 
            "# The configuration processor completed with warnings.", 
            "#   cloud-cplite-2.0          WRN: Network tag 'nova.compute.iscsi' (used on MANAGEMENT) is a deprecated: Use the 'force-network-groups' value in the interface-model instead if you need to ensure a network is attached to specific server to avoid routing Please update your input model.", 
            "################################################################################"
        ]
    }
}[0m
$$6432: 
TASK: [debug var=config_processor_result.stderr] ****************************** 
$$6435: [0;36mskipping: [localhost][0m
$$6436: 
TASK: [fail msg="Configuration processor run failed, see log output above for details"] *** $$6436: 
$$6439: [0;36mskipping: [localhost][0m
$$6439: 
TASK: [config-processor | configure | Make directories required for osconfig network configuration] *** $$6439: 
$$6544: [0;33mchanged: [localhost] => (item=etc)[0m
$$6665: [0;33mchanged: [localhost] => (item=etc/network)[0m
$$6666: 
TASK: [config-processor | configure | Copy hosts.hf for osconfig playbooks] *** $$6666: 
$$6854: [0;33mchanged: [localhost][0m
$$6855: 
TASK: [config-processor | configure | Sync ansible vars for cloud deployment] *** 
$$7083: [0;33mchanged: [localhost -> 127.0.0.1] => (item=group_vars)[0m
$$7322: [0;33mchanged: [localhost -> 127.0.0.1] => (item=host_vars)[0m
$$7322: 
TASK: [config-processor | configure | Copy ansible hosts file for cloud deployment (verb_hosts)] *** 
$$7583: [0;33mchanged: [localhost][0m
$$7584: 
TASK: [config-processor | configure | Sync ansible top-level playbooks for cloud deployment/update] *** 
$$7650: [0;36mskipping: [localhost][0m
$$7650: 
TASK: [config-processor | configure | Sync generated network artefacts for cloud deployment/update] *** 
$$7905: [0;33mchanged: [localhost -> 127.0.0.1][0m

TASK: [config-processor | add-localhost | Add localhost group] **************** 
$$8066: [0;32mok: [localhost][0m
$$8066: 
TASK: [config-processor | add-localhost | Add localhost group entry] ********** 
$$8172: [0;33mchanged: [localhost][0m
$$8173: 
PLAY [localhost] ************************************************************** 
$$8173: 
TASK: [git-operations | save-cp-output | Empty transient branches] ************ 
$$8269: [0;33mchanged: [localhost][0m
$$8271: 
TASK: [git-operations | save-cp-output | Get {{ git_operations.site_branch }} reference] *** 
$$8352: [0;33mchanged: [localhost][0m
$$8353: 
TASK: [git-operations | _persist-to-git | Clear scratch directory] ************ 
$$8426: [0;33mchanged: [localhost][0m
$$8426: 
TASK: [git-operations | _persist-to-git | Create scratch directory] *********** 
$$8497: [0;33mchanged: [localhost][0m
$$8497: 
TASK: [git-operations | _persist-to-git | Prep new commit] ******************** 
$$9340: [0;33mchanged: [localhost][0m
$$9341: 
TASK: [git-operations | _persist-to-git | Clear target directory] ************* 
$$9433: [0;33mchanged: [localhost][0m
$$9434: 
TASK: [git-operations | _persist-to-git | Copy source] ************************ 
$$9581: [0;33mchanged: [localhost][0m
$$9582: 
PLAY RECAP ******************************************************************** 
$$9582: config-processor | run-config-processor | Run Configuration Processor over the given cloud configuration --- 4.07s
git-operations | _persist-to-git | Prep new commit ---------------------- 0.84s
git-operations | _assemble-working-directory | Assemble scratch content --- 0.60s
config-processor | configure | Sync ansible vars for cloud deployment --- 0.47s
config-processor | configure | Copy ansible hosts file for cloud deployment (verb_hosts) --- 0.26s
config-processor | configure | Sync generated network artefacts for cloud deployment/update --- 0.25s
git-operations | _assemble-working-directory | Clear out target directory --- 0.25s
config-processor | configure | Make directories required for osconfig network configuration --- 0.23s
config-processor | configure | Copy hosts.hf for osconfig playbooks ----- 0.19s
config-processor | add-localhost | Add localhost group ------------------ 0.17s
-------------------------------------------------------------------------------
Total: ------------------------------------------------------------------ 9.09s
[0;33mlocalhost[0m                  : [0;32mok[0m[0;32m=[0m[0;32m26[0m   [0;33mchanged[0m[0;33m=[0m[0;33m19[0m   unreachable=0    failed=0   

